Parking/app/build/intermediates/manifest_merge_blame_file/debug/manifest-merger-blame-debug-report.txt
1<?xml version="1.0" encoding="utf-8"?>
2<manifest xmlns:android="http://schemas.android.com/apk/res/android"
3    package="com.example.parking"
4    android:versionCode="1"
5    android:versionName="1.0" >
6
7    <uses-sdk
8        android:minSdkVersion="27"
8-->src\main\AndroidManifest.xml
9        android:targetSdkVersion="31" />
9-->src\main\AndroidManifest.xml
10
11    <uses-permission android:name="android.permission.INTERNET" />
11-->src\main\AndroidManifest.xml:4:5-66
11-->src\main\AndroidManifest.xml:4:22-64
12    <uses-permission android:name="android.permission.ACCESS_COARSE_LOCATION" />
12-->src\main\AndroidManifest.xml:5:5-80
12-->src\main\AndroidManifest.xml:5:22-78
13    <uses-permission android:name="android.permission.ACCESS_FINE_LOCATION" />
13-->src\main\AndroidManifest.xml:6:5-78
13-->src\main\AndroidManifest.xml:6:22-76
14    <uses-permission android:name="android.permission.ACCESS_NETWORK_STATE" />
14-->[com.google.firebase:firebase-inappmessaging:20.1.1] AndroidManifest.xml:10:5-79
14-->[com.google.firebase:firebase-inappmessaging:20.1.1] AndroidManifest.xml:10:22-76
15
16    <uses-feature
16-->[com.google.android.gms:play-services-maps:18.0.1] AndroidManifest.xml:26:5-28:35
17        android:glEsVersion="0x00020000"
17-->[com.google.android.gms:play-services-maps:18.0.1] AndroidManifest.xml:27:9-41
18        android:required="true" />
18-->[com.google.android.gms:play-services-maps:18.0.1] AndroidManifest.xml:28:9-32
19
20    <queries>
20-->[com.google.android.gms:play-services-maps:18.0.1] AndroidManifest.xml:30:5-34:15
21
22        <!-- Needs to be explicitly declared on Android R+ -->
23        <package android:name="com.google.android.apps.maps" />
23-->[com.google.android.gms:play-services-maps:18.0.1] AndroidManifest.xml:33:9-64
23-->[com.google.android.gms:play-services-maps:18.0.1] AndroidManifest.xml:33:18-61
24    </queries>
25
26    <application
26-->src\main\AndroidManifest.xml:9:5-29:19
27        android:allowBackup="true"
27-->src\main\AndroidManifest.xml:10:9-35
28        android:appComponentFactory="androidx.core.app.CoreComponentFactory"
28-->[androidx.core:core:1.7.0] AndroidManifest.xml:24:18-86
29        android:debuggable="true"
30        android:extractNativeLibs="false"
31        android:icon="@mipmap/ic_launcher"
31-->src\main\AndroidManifest.xml:11:9-43
32        android:label="@string/app_name"
32-->src\main\AndroidManifest.xml:12:9-41
33        android:roundIcon="@mipmap/ic_launcher_round"
33-->src\main\AndroidManifest.xml:13:9-54
34        android:supportsRtl="true"
34-->src\main\AndroidManifest.xml:14:9-35
35        android:testOnly="true"
36        android:theme="@style/Theme.Parking" >
36-->src\main\AndroidManifest.xml:15:9-45
37        <meta-data
37-->src\main\AndroidManifest.xml:16:9-17:46
38            android:name="com.google.android.geo.API_KEY"
38-->src\main\AndroidManifest.xml:16:20-65
39            android:value="@string/map_key" />
39-->src\main\AndroidManifest.xml:17:13-44
40
41        <activity android:name="com.example.parking.RegisterActivity" />
41-->src\main\AndroidManifest.xml:18:9-54
41-->src\main\AndroidManifest.xml:18:19-51
42        <activity android:name="com.example.parking.MainActivity" />
42-->src\main\AndroidManifest.xml:19:9-50
42-->src\main\AndroidManifest.xml:19:19-47
43        <activity
43-->src\main\AndroidManifest.xml:20:9-28:20
44            android:name="com.example.parking.LoginActivity"
44-->src\main\AndroidManifest.xml:21:13-42
45            android:exported="true" >
45-->src\main\AndroidManifest.xml:22:13-36
46            <intent-filter>
46-->src\main\AndroidManifest.xml:23:13-27:29
47                <action android:name="android.intent.action.MAIN" />
47-->src\main\AndroidManifest.xml:24:17-69
47-->src\main\AndroidManifest.xml:24:25-66
48
49                <category android:name="android.intent.category.LAUNCHER" />
49-->src\main\AndroidManifest.xml:26:17-77
49-->src\main\AndroidManifest.xml:26:27-74
50            </intent-filter>
51        </activity>
52
53        <service
53-->[com.google.firebase:firebase-inappmessaging:20.1.1] AndroidManifest.xml:14:9-20:19
54            android:name="com.google.firebase.components.ComponentDiscoveryService"
54-->[com.google.firebase:firebase-inappmessaging:20.1.1] AndroidManifest.xml:15:13-84
55            android:directBootAware="true"
55-->[com.google.firebase:firebase-common:20.0.0] AndroidManifest.xml:35:13-43
56            android:exported="false" >
56-->[com.google.firebase:firebase-inappmessaging:20.1.1] AndroidManifest.xml:16:13-37
57            <meta-data
57-->[com.google.firebase:firebase-inappmessaging:20.1.1] AndroidManifest.xml:17:13-19:85
58                android:name="com.google.firebase.components:com.google.firebase.inappmessaging.FirebaseInAppMessagingRegistrar"
58-->[com.google.firebase:firebase-inappmessaging:20.1.1] AndroidManifest.xml:18:17-129
59                android:value="com.google.firebase.components.ComponentRegistrar" />
59-->[com.google.firebase:firebase-inappmessaging:20.1.1] AndroidManifest.xml:19:17-82
60            <meta-data
60-->[com.google.firebase:firebase-abt:21.0.0] AndroidManifest.xml:13:13-15:85
61                android:name="com.google.firebase.components:com.google.firebase.abt.component.AbtRegistrar"
61-->[com.google.firebase:firebase-abt:21.0.0] AndroidManifest.xml:14:17-109
62                android:value="com.google.firebase.components.ComponentRegistrar" />
62-->[com.google.firebase:firebase-abt:21.0.0] AndroidManifest.xml:15:17-82
63            <meta-data
63-->[com.google.firebase:firebase-datatransport:18.1.0] AndroidManifest.xml:28:13-30:85
64                android:name="com.google.firebase.components:com.google.firebase.datatransport.TransportRegistrar"
64-->[com.google.firebase:firebase-datatransport:18.1.0] AndroidManifest.xml:29:17-115
65                android:value="com.google.firebase.components.ComponentRegistrar" />
65-->[com.google.firebase:firebase-datatransport:18.1.0] AndroidManifest.xml:30:17-82
66            <meta-data
66-->[com.google.firebase:firebase-installations:17.0.0] AndroidManifest.xml:18:13-20:85
67                android:name="com.google.firebase.components:com.google.firebase.installations.FirebaseInstallationsRegistrar"
67-->[com.google.firebase:firebase-installations:17.0.0] AndroidManifest.xml:19:17-127
68                android:value="com.google.firebase.components.ComponentRegistrar" />
68-->[com.google.firebase:firebase-installations:17.0.0] AndroidManifest.xml:20:17-82
69        </service> <!-- Needs to be explicitly declared on P+ -->
70        <uses-library
70-->[com.google.android.gms:play-services-maps:18.0.1] AndroidManifest.xml:39:9-41:40
71            android:name="org.apache.http.legacy"
71-->[com.google.android.gms:play-services-maps:18.0.1] AndroidManifest.xml:40:13-50
72            android:required="false" />
72-->[com.google.android.gms:play-services-maps:18.0.1] AndroidManifest.xml:41:13-37
73
74        <activity
74-->[com.google.android.gms:play-services-base:18.0.0] AndroidManifest.xml:20:9-22:45
75            android:name="com.google.android.gms.common.api.GoogleApiActivity"
75-->[com.google.android.gms:play-services-base:18.0.0] AndroidManifest.xml:20:19-85
76            android:exported="false"
76-->[com.google.android.gms:play-services-base:18.0.0] AndroidManifest.xml:22:19-43
77            android:theme="@android:style/Theme.Translucent.NoTitleBar" />
77-->[com.google.android.gms:play-services-base:18.0.0] AndroidManifest.xml:21:19-78
78
79        <provider
79-->[com.google.firebase:firebase-common:20.0.0] AndroidManifest.xml:26:9-31:39
80            android:name="com.google.firebase.provider.FirebaseInitProvider"
80-->[com.google.firebase:firebase-common:20.0.0] AndroidManifest.xml:27:13-77
81            android:authorities="com.example.parking.firebaseinitprovider"
81-->[com.google.firebase:firebase-common:20.0.0] AndroidManifest.xml:28:13-72
82            android:directBootAware="true"
82-->[com.google.firebase:firebase-common:20.0.0] AndroidManifest.xml:29:13-43
83            android:exported="false"
83-->[com.google.firebase:firebase-common:20.0.0] AndroidManifest.xml:30:13-37
84            android:initOrder="100" />
84-->[com.google.firebase:firebase-common:20.0.0] AndroidManifest.xml:31:13-36
85
86        <meta-data
86-->[com.google.android.gms:play-services-basement:18.0.0] AndroidManifest.xml:21:9-23:69
87            android:name="com.google.android.gms.version"
87-->[com.google.android.gms:play-services-basement:18.0.0] AndroidManifest.xml:22:13-58
88            android:value="@integer/google_play_services_version" />
88-->[com.google.android.gms:play-services-basement:18.0.0] AndroidManifest.xml:23:13-66
89
90        <provider
90-->[androidx.emoji2:emoji2:1.0.0] AndroidManifest.xml:26:9-34:20
91            android:name="androidx.startup.InitializationProvider"
91-->[androidx.emoji2:emoji2:1.0.0] AndroidManifest.xml:27:13-67
92            android:authorities="com.example.parking.androidx-startup"
92-->[androidx.emoji2:emoji2:1.0.0] AndroidManifest.xml:28:13-68
93            android:exported="false" >
93-->[androidx.emoji2:emoji2:1.0.0] AndroidManifest.xml:29:13-37
94            <meta-data
94-->[androidx.emoji2:emoji2:1.0.0] AndroidManifest.xml:31:13-33:52
95                android:name="androidx.emoji2.text.EmojiCompatInitializer"
95-->[androidx.emoji2:emoji2:1.0.0] AndroidManifest.xml:32:17-75
96                android:value="androidx.startup" />
96-->[androidx.emoji2:emoji2:1.0.0] AndroidManifest.xml:33:17-49
97            <meta-data
97-->[androidx.lifecycle:lifecycle-process:2.4.0] AndroidManifest.xml:31:13-33:52
98                android:name="androidx.lifecycle.ProcessLifecycleInitializer"
98-->[androidx.lifecycle:lifecycle-process:2.4.0] AndroidManifest.xml:32:17-78
99                android:value="androidx.startup" />
99-->[androidx.lifecycle:lifecycle-process:2.4.0] AndroidManifest.xml:33:17-49
100        </provider>
101
102        <service
102-->[com.google.android.datatransport:transport-backend-cct:3.1.0] AndroidManifest.xml:29:9-35:19
103            android:name="com.google.android.datatransport.runtime.backends.TransportBackendDiscovery"
103-->[com.google.android.datatransport:transport-backend-cct:3.1.0] AndroidManifest.xml:30:13-103
104            android:exported="false" >
104-->[com.google.android.datatransport:transport-backend-cct:3.1.0] AndroidManifest.xml:31:13-37
105            <meta-data
105-->[com.google.android.datatransport:transport-backend-cct:3.1.0] AndroidManifest.xml:32:13-34:39
106                android:name="backend:com.google.android.datatransport.cct.CctBackendFactory"
106-->[com.google.android.datatransport:transport-backend-cct:3.1.0] AndroidManifest.xml:33:17-94
107                android:value="cct" />
107-->[com.google.android.datatransport:transport-backend-cct:3.1.0] AndroidManifest.xml:34:17-36
108        </service>
109        <service
109-->[com.google.android.datatransport:transport-runtime:3.1.0] AndroidManifest.xml:26:9-30:19
110            android:name="com.google.android.datatransport.runtime.scheduling.jobscheduling.JobInfoSchedulerService"
110-->[com.google.android.datatransport:transport-runtime:3.1.0] AndroidManifest.xml:27:13-117
111            android:exported="false"
111-->[com.google.android.datatransport:transport-runtime:3.1.0] AndroidManifest.xml:28:13-37
112            android:permission="android.permission.BIND_JOB_SERVICE" >
112-->[com.google.android.datatransport:transport-runtime:3.1.0] AndroidManifest.xml:29:13-69
113        </service>
114
115        <receiver
115-->[com.google.android.datatransport:transport-runtime:3.1.0] AndroidManifest.xml:32:9-34:40
116            android:name="com.google.android.datatransport.runtime.scheduling.jobscheduling.AlarmManagerSchedulerBroadcastReceiver"
116-->[com.google.android.datatransport:transport-runtime:3.1.0] AndroidManifest.xml:33:13-132
117            android:exported="false" />
117-->[com.google.android.datatransport:transport-runtime:3.1.0] AndroidManifest.xml:34:13-37
118    </application>
119
120</manifest>